<?xml version="1.0" encoding="UTF-8"?>
<!-- Generated by org.testng.reporters.JUnitReportReporter -->
<testsuite hostname="IN-PG0352G7" failures="0" tests="3" name="insuranceCalculator_Motercycle.EndTOEndTests_motercycle" time="46.836" errors="0" timestamp="2023-05-31T12:44:53 IST" skipped="0">
  <testcase classname="insuranceCalculator_Motercycle.EndTOEndTests_motercycle" name="insuranceCalculate" time="15.052"/>
  <system-out/>
  <testcase classname="insuranceCalculator_Motercycle.EndTOEndTests_motercycle" name="insuranceCalculate" time="15.312"/>
  <system-out/>
  <testcase classname="insuranceCalculator_Motercycle.EndTOEndTests_motercycle" name="insuranceCalculate" time="16.472"/>
  <system-out/>
</testsuite> <!-- insuranceCalculator_Motercycle.EndTOEndTests_motercycle -->
