<?xml version="1.0" encoding="UTF-8"?>
<!-- Generated by org.testng.reporters.JUnitReportReporter -->
<testsuite hostname="IN-PG0352G7" failures="0" tests="3" name="insuranceCalculator_Motercycle.EndTOEndTests_motercycle" time="32.436" errors="0" timestamp="2023-05-31T16:32:22 IST" skipped="0">
  <testcase classname="insuranceCalculator_Motercycle.EndTOEndTests_motercycle" name="insuranceCalculate" time="12.809"/>
  <system-out/>
  <testcase classname="insuranceCalculator_Motercycle.EndTOEndTests_motercycle" name="insuranceCalculate" time="8.846"/>
  <system-out/>
  <testcase classname="insuranceCalculator_Motercycle.EndTOEndTests_motercycle" name="insuranceCalculate" time="10.781"/>
  <system-out/>
</testsuite> <!-- insuranceCalculator_Motercycle.EndTOEndTests_motercycle -->
